#
# There is insufficient memory for the Java Runtime Environment to continue.
# Native memory allocation (malloc) failed to allocate 1048576 bytes for AllocateHeap
# Possible reasons:
#   The system is out of physical RAM or swap space
#   In 32 bit mode, the process size limit was hit
# Possible solutions:
#   Reduce memory load on the system
#   Increase physical memory or swap space
#   Check if swap backing store is full
#   Use 64 bit Java on a 64 bit OS
#   Decrease Java heap size (-Xmx/-Xms)
#   Decrease number of Java threads
#   Decrease Java thread stack sizes (-Xss)
#   Set larger code cache with -XX:ReservedCodeCacheSize=
# This output file may be truncated or incomplete.
#
#  Out of Memory Error (memory/allocation.inline.hpp:61), pid=4604, tid=0x000000000000336c
#
# JRE version:  (8.0_161-b12) (build )
# Java VM: Java HotSpot(TM) 64-Bit Server VM (25.161-b12 mixed mode windows-amd64 compressed oops)
# Failed to write core dump. Minidumps are not enabled by default on client versions of Windows
#

---------------  T H R E A D  ---------------

Current thread (0x000000000500e000):  JavaThread "Unknown thread" [_thread_in_vm, id=13164, stack(0x0000000004eb0000,0x0000000004fb0000)]

Stack: [0x0000000004eb0000,0x0000000004fb0000]
[error occurred during error reporting (printing stack bounds), id 0xc0000005]

Native frames: (J=compiled Java code, j=interpreted, Vv=VM code, C=native code)


---------------  P R O C E S S  ---------------

Java Threads: ( => current thread )

Other Threads:

=>0x000000000500e000 (exited) JavaThread "Unknown thread" [_thread_in_vm, id=13164, stack(0x0000000004eb0000,0x0000000004fb0000)]

VM state:not at safepoint (normal execution)

VM Mutex/Monitor currently owned by a thread: None

Heap:
 PSYoungGen      total 38400K, used 665K [0x00000000d5f00000, 0x00000000d8980000, 0x0000000100000000)
  eden space 33280K, 2% used [0x00000000d5f00000,0x00000000d5fa6670,0x00000000d7f80000)
  from space 5120K, 0% used [0x00000000d8480000,0x00000000d8480000,0x00000000d8980000)
  to   space 5120K, 0% used [0x00000000d7f80000,0x00000000d7f80000,0x00000000d8480000)
 ParOldGen       total 87552K, used 0K [0x0000000081c00000, 0x0000000087180000, 0x00000000d5f00000)
  object space 87552K, 0% used [0x0000000081c00000,0x0000000081c00000,0x0000000087180000)
 Metaspace       used 747K, capacity 4480K, committed 4480K, reserved 1056768K
  class space    used 75K, capacity 384K, committed 384K, reserved 1048576K

Card table byte_map: [0x00000000144d0000,0x00000000148d0000] byte_map_base: 0x00000000140c2000

Marking Bits: (ParMarkBitMap*) 0x0000000069c9f860
 Begin Bits: [0x0000000014f80000, 0x0000000016f10000)
 End Bits:   [0x0000000016f10000, 0x0000000018ea0000)

Polling page: 0x0000000003660000

CodeCache: size=245760Kb used=328Kb max_used=328Kb free=245431Kb
 bounds [0x0000000005110000, 0x0000000005380000, 0x0000000014110000]
 total_blobs=58 nmethods=0 adapters=38
 compilation: enabled

Compilation events (0 events):
No events

GC Heap History (0 events):
No events

Deoptimization events (0 events):
No events

Classes redefined (0 events):
No events

Internal exceptions (0 events):
No events

Events (10 events):
Event: 0.050 loading class java/lang/Short
Event: 0.051 loading class java/lang/Short done
Event: 0.051 loading class java/lang/Integer
Event: 0.051 loading class java/lang/Integer done
Event: 0.051 loading class java/lang/Long
Event: 0.051 loading class java/lang/Long done
Event: 0.053 loading class java/lang/NullPointerException
Event: 0.053 loading class java/lang/NullPointerException done
Event: 0.053 loading class java/lang/ArithmeticException
Event: 0.053 loading class java/lang/ArithmeticException done


Dynamic libraries:
0x00007ff69bfd0000 - 0x00007ff69c007000 	C:\Program Files\Java\jre1.8.0_161\bin\javaw.exe
0x00007ffc498d0000 - 0x00007ffc49ab0000 	C:\WINDOWS\SYSTEM32\ntdll.dll
0x00007ffc47b80000 - 0x00007ffc47c2e000 	C:\WINDOWS\System32\KERNEL32.DLL
0x00007ffc45d20000 - 0x00007ffc45f86000 	C:\WINDOWS\System32\KERNELBASE.dll
0x00007ffc497f0000 - 0x00007ffc49891000 	C:\WINDOWS\System32\ADVAPI32.dll
0x00007ffc49630000 - 0x00007ffc496cd000 	C:\WINDOWS\System32\msvcrt.dll
0x00007ffc474d0000 - 0x00007ffc4752b000 	C:\WINDOWS\System32\sechost.dll
0x00007ffc496d0000 - 0x00007ffc497ef000 	C:\WINDOWS\System32\RPCRT4.dll
0x00007ffc471f0000 - 0x00007ffc4737f000 	C:\WINDOWS\System32\USER32.dll
0x00007ffc466e0000 - 0x00007ffc46700000 	C:\WINDOWS\System32\win32u.dll
0x00007ffc46dc0000 - 0x00007ffc46de8000 	C:\WINDOWS\System32\GDI32.dll
0x00007ffc46ba0000 - 0x00007ffc46d33000 	C:\WINDOWS\System32\gdi32full.dll
0x00007ffc46880000 - 0x00007ffc4691b000 	C:\WINDOWS\System32\msvcp_win.dll
0x00007ffc46780000 - 0x00007ffc46876000 	C:\WINDOWS\System32\ucrtbase.dll
0x00007ffc3b310000 - 0x00007ffc3b579000 	C:\WINDOWS\WinSxS\amd64_microsoft.windows.common-controls_6595b64144ccf1df_6.0.16299.309_none_15cfd4c4935e6b11\COMCTL32.dll
0x00007ffc47c30000 - 0x00007ffc47f38000 	C:\WINDOWS\System32\combase.dll
0x00007ffc46700000 - 0x00007ffc46772000 	C:\WINDOWS\System32\bcryptPrimitives.dll
0x00007ffc47b50000 - 0x00007ffc47b7d000 	C:\WINDOWS\System32\IMM32.DLL
0x00000000691d0000 - 0x00000000692a2000 	C:\Program Files\Java\jre1.8.0_161\bin\msvcr100.dll
0x0000000069480000 - 0x0000000069d1f000 	C:\Program Files\Java\jre1.8.0_161\bin\server\jvm.dll
0x00007ffc47980000 - 0x00007ffc47988000 	C:\WINDOWS\System32\PSAPI.DLL
0x00007ffc41e00000 - 0x00007ffc41e09000 	C:\WINDOWS\SYSTEM32\WSOCK32.dll
0x00007ffc47a30000 - 0x00007ffc47a9c000 	C:\WINDOWS\System32\WS2_32.dll
0x00007ffc43a80000 - 0x00007ffc43aa3000 	C:\WINDOWS\SYSTEM32\WINMM.dll
0x00007ffc3b620000 - 0x00007ffc3b62a000 	C:\WINDOWS\SYSTEM32\VERSION.dll
0x00007ffc43a50000 - 0x00007ffc43a7a000 	C:\WINDOWS\SYSTEM32\WINMMBASE.dll
0x00007ffc45cd0000 - 0x00007ffc45d1a000 	C:\WINDOWS\System32\cfgmgr32.dll
0x0000000069390000 - 0x000000006939f000 	C:\Program Files\Java\jre1.8.0_161\bin\verify.dll
0x0000000069360000 - 0x0000000069389000 	C:\Program Files\Java\jre1.8.0_161\bin\java.dll
0x0000000069340000 - 0x0000000069356000 	C:\Program Files\Java\jre1.8.0_161\bin\zip.dll

VM Arguments:
jvm_args: -Dmaven.home=EMBEDDED -Dclassworlds.conf=C:\Java\workspace3\.metadata\.plugins\org.eclipse.m2e.launching\launches\m2conf1586729147500204826.tmp -Dmaven.multiModuleProjectDirectory=C:\Java\workspace3\web-application -Dfile.encoding=Cp1251 
java_command: org.codehaus.plexus.classworlds.launcher.Launcher -B Dmaven.tomcat.port=8181 tomcat:run-war
java_class_path (initial): C:\eclipse\plugins\org.eclipse.m2e.maven.runtime_1.8.3.20180227-2135\jars\plexus-classworlds-2.5.2.jar
Launcher Type: SUN_STANDARD

Environment Variables:
JAVA_HOME=C:\Program Files\Java\jdk1.8.0_161
PATH=C:/Program Files/Java/jre1.8.0_161/bin/server;C:/Program Files/Java/jre1.8.0_161/bin;C:/Program Files/Java/jre1.8.0_161/lib/amd64;C:\ProgramData\Oracle\Java\javapath;C:\WINDOWS\system32;C:\WINDOWS;C:\WINDOWS\System32\Wbem;C:\WINDOWS\System32\WindowsPowerShell\v1.0\;C:\Program Files\Java\jdk1.8.0_161\bin;C:\Java\libs\apache-maven-3.5.3\bin;C:\Program Files\Java\jdk1.8.0_161;C:\Java\libs\apache-maven-3.5.3\bin;C:\Users\Alex Sergeenko\AppData\Local\Microsoft\WindowsApps;C:\Users\Alex Sergeenko\AppData\Local\GitHubDesktop\bin;%USERPROFILE%\AppData\Local\Microsoft\WindowsApps;;C:\eclipse;
USERNAME=Alex Sergeenko
OS=Windows_NT
PROCESSOR_IDENTIFIER=Intel64 Family 6 Model 58 Stepping 9, GenuineIntel



---------------  S Y S T E M  ---------------

OS: Windows 10.0 , 64 bit Build 16299 (10.0.16299.15)

CPU:total 4 (initial active 4) (2 cores per cpu, 2 threads per core) family 6 model 58 stepping 9, cmov, cx8, fxsr, mmx, sse, sse2, sse3, ssse3, sse4.1, sse4.2, popcnt, avx, clmul, erms, ht, tsc, tscinvbit, tscinv

Memory: 4k page, physical 8273256k(2423052k free), swap 9321832k(5136k free)

vm_info: Java HotSpot(TM) 64-Bit Server VM (25.161-b12) for windows-amd64 JRE (1.8.0_161-b12), built on Dec 19 2017 17:52:25 by "java_re" with MS VC++ 10.0 (VS2010)

time: Sat Apr 07 11:05:38 2018
elapsed time: 0 seconds (0d 0h 0m 0s)

