#
# There is insufficient memory for the Java Runtime Environment to continue.
# Native memory allocation (malloc) failed to allocate 32744 bytes for ChunkPool::allocate
# Possible reasons:
#   The system is out of physical RAM or swap space
#   In 32 bit mode, the process size limit was hit
# Possible solutions:
#   Reduce memory load on the system
#   Increase physical memory or swap space
#   Check if swap backing store is full
#   Use 64 bit Java on a 64 bit OS
#   Decrease Java heap size (-Xmx/-Xms)
#   Decrease number of Java threads
#   Decrease Java thread stack sizes (-Xss)
#   Set larger code cache with -XX:ReservedCodeCacheSize=
# This output file may be truncated or incomplete.
#
#  Out of Memory Error (allocation.cpp:273), pid=10264, tid=0x00000000000016d0
#
# JRE version: Java(TM) SE Runtime Environment (8.0_161-b12) (build 1.8.0_161-b12)
# Java VM: Java HotSpot(TM) 64-Bit Server VM (25.161-b12 mixed mode windows-amd64 compressed oops)
# Failed to write core dump. Minidumps are not enabled by default on client versions of Windows
#

---------------  T H R E A D  ---------------

Current thread (0x0000000018ff4000):  JavaThread "C2 CompilerThread1" daemon [_thread_in_native, id=5840, stack(0x000000001a770000,0x000000001a870000)]

Stack: [0x000000001a770000,0x000000001a870000]
[error occurred during error reporting (printing stack bounds), id 0xc0000005]

Native frames: (J=compiled Java code, j=interpreted, Vv=VM code, C=native code)


Current CompileTask:
C2: 755311 4161       4       org.apache.catalina.startup.ContextConfig::processAnnotationsStream (146 bytes)


---------------  P R O C E S S  ---------------

Java Threads: ( => current thread )
  0x000000001c763800 JavaThread "ContainerBackgroundProcessor[StandardEngine[Tomcat]]" daemon [_thread_in_Java, id=9356, stack(0x0000000023120000,0x0000000023220000)]
  0x000000001d724000 JavaThread "Thread-2" daemon [_thread_in_native, id=1168, stack(0x000000001fff0000,0x00000000200f0000)]
  0x000000001a9a8800 JavaThread "Service Thread" daemon [_thread_blocked, id=10744, stack(0x000000001ad70000,0x000000001ae70000)]
  0x0000000018ffb800 JavaThread "C1 CompilerThread2" daemon [_thread_blocked, id=9856, stack(0x000000001a870000,0x000000001a970000)]
=>0x0000000018ff4000 JavaThread "C2 CompilerThread1" daemon [_thread_in_native, id=5840, stack(0x000000001a770000,0x000000001a870000)]
  0x0000000018ff0000 JavaThread "C2 CompilerThread0" daemon [_thread_in_native, id=1212, stack(0x000000001a670000,0x000000001a770000)]
  0x0000000018fee800 JavaThread "Attach Listener" daemon [_thread_blocked, id=3084, stack(0x000000001a570000,0x000000001a670000)]
  0x0000000018feb000 JavaThread "Signal Dispatcher" daemon [_thread_blocked, id=3060, stack(0x000000001a470000,0x000000001a570000)]
  0x0000000018fda800 JavaThread "Finalizer" daemon [_thread_blocked, id=12916, stack(0x000000001a270000,0x000000001a370000)]
  0x00000000044b0000 JavaThread "Reference Handler" daemon [_thread_blocked, id=8816, stack(0x000000001a170000,0x000000001a270000)]
  0x00000000029ce000 JavaThread "main" [_thread_blocked, id=11360, stack(0x00000000041d0000,0x00000000042d0000)]

Other Threads:
  0x0000000018fb7800 VMThread [stack: 0x000000001a070000,0x000000001a170000] [id=1552]
  0x000000001a9ba000 WatcherThread [stack: 0x000000001b270000,0x000000001b370000] [id=2692]

VM state:not at safepoint (normal execution)

VM Mutex/Monitor currently owned by a thread: None

Heap:
 PSYoungGen      total 233472K, used 81369K [0x00000000d5f00000, 0x00000000e5e00000, 0x0000000100000000)
  eden space 215040K, 29% used [0x00000000d5f00000,0x00000000d9c76800,0x00000000e3100000)
  from space 18432K, 99% used [0x00000000e4b80000,0x00000000e5d7fd58,0x00000000e5d80000)
  to   space 23040K, 0% used [0x00000000e3100000,0x00000000e3100000,0x00000000e4780000)
 ParOldGen       total 62464K, used 25477K [0x0000000081c00000, 0x0000000085900000, 0x00000000d5f00000)
  object space 62464K, 40% used [0x0000000081c00000,0x00000000834e1790,0x0000000085900000)
 Metaspace       used 25011K, capacity 25588K, committed 25728K, reserved 1071104K
  class space    used 2971K, capacity 3191K, committed 3200K, reserved 1048576K

Card table byte_map: [0x0000000013880000,0x0000000013c80000] byte_map_base: 0x0000000013472000

Marking Bits: (ParMarkBitMap*) 0x0000000069c9f860
 Begin Bits: [0x0000000014330000, 0x00000000162c0000)
 End Bits:   [0x00000000162c0000, 0x0000000018250000)

Polling page: 0x00000000001f0000

CodeCache: size=245760Kb used=11011Kb max_used=12502Kb free=234748Kb
 bounds [0x00000000044c0000, 0x0000000005170000, 0x00000000134c0000]
 total_blobs=3932 nmethods=3534 adapters=310
 compilation: enabled

Compilation events (10 events):
Event: 754.309 Thread 0x0000000018ffb800 4164       3       org.apache.tomcat.util.bcel.classfile.AnnotationEntry::getAnnotationType (21 bytes)
Event: 754.310 Thread 0x0000000018ffb800 nmethod 4164 0x000000000509a7d0 code [0x000000000509a940, 0x000000000509ac68]
Event: 754.362 Thread 0x0000000018ffb800 4166       3       org.apache.catalina.startup.ContextConfig::getClassName (31 bytes)
Event: 754.363 Thread 0x0000000018ffb800 nmethod 4166 0x00000000046bb3d0 code [0x00000000046bb560, 0x00000000046bbb08]
Event: 754.470 Thread 0x0000000018ffb800 4167       3       org.apache.catalina.deploy.WebXml::mergeMap (162 bytes)
Event: 754.472 Thread 0x0000000018ffb800 nmethod 4167 0x0000000004f6ca10 code [0x0000000004f6cce0, 0x0000000004f6e268]
Event: 754.800 Thread 0x0000000018ffb800 4168       3       java.lang.ThreadLocal::get (38 bytes)
Event: 754.801 Thread 0x0000000018ffb800 nmethod 4168 0x000000000461f690 code [0x000000000461f820, 0x000000000461fba8]
Event: 754.857 Thread 0x0000000018ffb800 4169       1       org.apache.catalina.deploy.WebXml::getDisplayName (5 bytes)
Event: 754.857 Thread 0x0000000018ffb800 nmethod 4169 0x0000000004ca3e10 code [0x0000000004ca3f60, 0x0000000004ca4070]

GC Heap History (10 events):
Event: 9.855 GC heap before
{Heap before GC invocations=5 (full 0):
 PSYoungGen      total 71680K, used 71648K [0x00000000d5f00000, 0x00000000daa00000, 0x0000000100000000)
  eden space 66560K, 100% used [0x00000000d5f00000,0x00000000da000000,0x00000000da000000)
  from space 5120K, 99% used [0x00000000da500000,0x00000000da9f8040,0x00000000daa00000)
  to   space 5120K, 0% used [0x00000000da000000,0x00000000da000000,0x00000000da500000)
 ParOldGen       total 87552K, used 8962K [0x0000000081c00000, 0x0000000087180000, 0x00000000d5f00000)
  object space 87552K, 10% used [0x0000000081c00000,0x00000000824c0838,0x0000000087180000)
 Metaspace       used 19038K, capacity 19488K, committed 19712K, reserved 1067008K
  class space    used 2294K, capacity 2456K, committed 2560K, reserved 1048576K
Event: 9.882 GC heap after
Heap after GC invocations=5 (full 0):
 PSYoungGen      total 71680K, used 5120K [0x00000000d5f00000, 0x00000000df900000, 0x0000000100000000)
  eden space 66560K, 0% used [0x00000000d5f00000,0x00000000d5f00000,0x00000000da000000)
  from space 5120K, 100% used [0x00000000da000000,0x00000000da500000,0x00000000da500000)
  to   space 12288K, 0% used [0x00000000ded00000,0x00000000ded00000,0x00000000df900000)
 ParOldGen       total 87552K, used 14862K [0x0000000081c00000, 0x0000000087180000, 0x00000000d5f00000)
  object space 87552K, 16% used [0x0000000081c00000,0x0000000082a83900,0x0000000087180000)
 Metaspace       used 19038K, capacity 19488K, committed 19712K, reserved 1067008K
  class space    used 2294K, capacity 2456K, committed 2560K, reserved 1048576K
}
Event: 10.132 GC heap before
{Heap before GC invocations=6 (full 0):
 PSYoungGen      total 71680K, used 11175K [0x00000000d5f00000, 0x00000000df900000, 0x0000000100000000)
  eden space 66560K, 9% used [0x00000000d5f00000,0x00000000d64e9ed8,0x00000000da000000)
  from space 5120K, 100% used [0x00000000da000000,0x00000000da500000,0x00000000da500000)
  to   space 12288K, 0% used [0x00000000ded00000,0x00000000ded00000,0x00000000df900000)
 ParOldGen       total 87552K, used 14862K [0x0000000081c00000, 0x0000000087180000, 0x00000000d5f00000)
  object space 87552K, 16% used [0x0000000081c00000,0x0000000082a83900,0x0000000087180000)
 Metaspace       used 20682K, capacity 21152K, committed 21296K, reserved 1069056K
  class space    used 2492K, capacity 2648K, committed 2688K, reserved 1048576K
Event: 10.152 GC heap after
Heap after GC invocations=6 (full 0):
 PSYoungGen      total 145408K, used 6036K [0x00000000d5f00000, 0x00000000df900000, 0x0000000100000000)
  eden space 133120K, 0% used [0x00000000d5f00000,0x00000000d5f00000,0x00000000de100000)
  from space 12288K, 49% used [0x00000000ded00000,0x00000000df2e5140,0x00000000df900000)
  to   space 12288K, 0% used [0x00000000de100000,0x00000000de100000,0x00000000ded00000)
 ParOldGen       total 87552K, used 14870K [0x0000000081c00000, 0x0000000087180000, 0x00000000d5f00000)
  object space 87552K, 16% used [0x0000000081c00000,0x0000000082a85900,0x0000000087180000)
 Metaspace       used 20682K, capacity 21152K, committed 21296K, reserved 1069056K
  class space    used 2492K, capacity 2648K, committed 2688K, reserved 1048576K
}
Event: 10.152 GC heap before
{Heap before GC invocations=7 (full 1):
 PSYoungGen      total 145408K, used 6036K [0x00000000d5f00000, 0x00000000df900000, 0x0000000100000000)
  eden space 133120K, 0% used [0x00000000d5f00000,0x00000000d5f00000,0x00000000de100000)
  from space 12288K, 49% used [0x00000000ded00000,0x00000000df2e5140,0x00000000df900000)
  to   space 12288K, 0% used [0x00000000de100000,0x00000000de100000,0x00000000ded00000)
 ParOldGen       total 87552K, used 14870K [0x0000000081c00000, 0x0000000087180000, 0x00000000d5f00000)
  object space 87552K, 16% used [0x0000000081c00000,0x0000000082a85900,0x0000000087180000)
 Metaspace       used 20682K, capacity 21152K, committed 21296K, reserved 1069056K
  class space    used 2492K, capacity 2648K, committed 2688K, reserved 1048576K
Event: 10.265 GC heap after
Heap after GC invocations=7 (full 1):
 PSYoungGen      total 145408K, used 0K [0x00000000d5f00000, 0x00000000df900000, 0x0000000100000000)
  eden space 133120K, 0% used [0x00000000d5f00000,0x00000000d5f00000,0x00000000de100000)
  from space 12288K, 0% used [0x00000000ded00000,0x00000000ded00000,0x00000000df900000)
  to   space 12288K, 0% used [0x00000000de100000,0x00000000de100000,0x00000000ded00000)
 ParOldGen       total 62464K, used 12177K [0x0000000081c00000, 0x0000000085900000, 0x00000000d5f00000)
  object space 62464K, 19% used [0x0000000081c00000,0x00000000827e4670,0x0000000085900000)
 Metaspace       used 20682K, capacity 21152K, committed 21296K, reserved 1069056K
  class space    used 2492K, capacity 2648K, committed 2688K, reserved 1048576K
}
Event: 12.659 GC heap before
{Heap before GC invocations=8 (full 1):
 PSYoungGen      total 145408K, used 133120K [0x00000000d5f00000, 0x00000000df900000, 0x0000000100000000)
  eden space 133120K, 100% used [0x00000000d5f00000,0x00000000de100000,0x00000000de100000)
  from space 12288K, 0% used [0x00000000ded00000,0x00000000ded00000,0x00000000df900000)
  to   space 12288K, 0% used [0x00000000de100000,0x00000000de100000,0x00000000ded00000)
 ParOldGen       total 62464K, used 12177K [0x0000000081c00000, 0x0000000085900000, 0x00000000d5f00000)
  object space 62464K, 19% used [0x0000000081c00000,0x00000000827e4670,0x0000000085900000)
 Metaspace       used 23019K, capacity 23582K, committed 23680K, reserved 1071104K
  class space    used 2741K, capacity 2925K, committed 2944K, reserved 1048576K
Event: 12.685 GC heap after
Heap after GC invocations=8 (full 1):
 PSYoungGen      total 145408K, used 12270K [0x00000000d5f00000, 0x00000000e5d80000, 0x0000000100000000)
  eden space 133120K, 0% used [0x00000000d5f00000,0x00000000d5f00000,0x00000000de100000)
  from space 12288K, 99% used [0x00000000de100000,0x00000000decfbb78,0x00000000ded00000)
  to   space 18432K, 0% used [0x00000000e4b80000,0x00000000e4b80000,0x00000000e5d80000)
 ParOldGen       total 62464K, used 21187K [0x0000000081c00000, 0x0000000085900000, 0x00000000d5f00000)
  object space 62464K, 33% used [0x0000000081c00000,0x00000000830b0c68,0x0000000085900000)
 Metaspace       used 23019K, capacity 23582K, committed 23680K, reserved 1071104K
  class space    used 2741K, capacity 2925K, committed 2944K, reserved 1048576K
}
Event: 754.109 GC heap before
{Heap before GC invocations=9 (full 1):
 PSYoungGen      total 145408K, used 145390K [0x00000000d5f00000, 0x00000000e5d80000, 0x0000000100000000)
  eden space 133120K, 100% used [0x00000000d5f00000,0x00000000de100000,0x00000000de100000)
  from space 12288K, 99% used [0x00000000de100000,0x00000000decfbb78,0x00000000ded00000)
  to   space 18432K, 0% used [0x00000000e4b80000,0x00000000e4b80000,0x00000000e5d80000)
 ParOldGen       total 62464K, used 21187K [0x0000000081c00000, 0x0000000085900000, 0x00000000d5f00000)
  object space 62464K, 33% used [0x0000000081c00000,0x00000000830b0c68,0x0000000085900000)
 Metaspace       used 25009K, capacity 25588K, committed 25728K, reserved 1071104K
  class space    used 2971K, capacity 3191K, committed 3200K, reserved 1048576K
Event: 754.143 GC heap after
Heap after GC invocations=9 (full 1):
 PSYoungGen      total 233472K, used 18431K [0x00000000d5f00000, 0x00000000e5e00000, 0x0000000100000000)
  eden space 215040K, 0% used [0x00000000d5f00000,0x00000000d5f00000,0x00000000e3100000)
  from space 18432K, 99% used [0x00000000e4b80000,0x00000000e5d7fd58,0x00000000e5d80000)
  to   space 23040K, 0% used [0x00000000e3100000,0x00000000e3100000,0x00000000e4780000)
 ParOldGen       total 62464K, used 25477K [0x0000000081c00000, 0x0000000085900000, 0x00000000d5f00000)
  object space 62464K, 40% used [0x0000000081c00000,0x00000000834e1790,0x0000000085900000)
 Metaspace       used 25009K, capacity 25588K, committed 25728K, reserved 1071104K
  class space    used 2971K, capacity 3191K, committed 3200K, reserved 1048576K
}

Deoptimization events (10 events):
Event: 12.255 Thread 0x000000001e776000 Uncommon trap: reason=unstable_if action=reinterpret pc=0x00000000049a4850 method=java.util.HashMap.removeNode(ILjava/lang/Object;Ljava/lang/Object;ZZ)Ljava/util/HashMap$Node; @ 71
Event: 12.813 Thread 0x000000001e776000 Uncommon trap: reason=unstable_if action=reinterpret pc=0x000000000469765c method=java.util.LinkedHashMap.afterNodeAccess(Ljava/util/HashMap$Node;)V @ 41
Event: 12.813 Thread 0x000000001e776000 Uncommon trap: reason=unstable_if action=reinterpret pc=0x00000000050d045c method=java.util.LinkedHashMap.afterNodeAccess(Ljava/util/HashMap$Node;)V @ 41
Event: 13.321 Thread 0x000000001e776000 Uncommon trap: reason=unstable_if action=reinterpret pc=0x0000000004679430 method=org.apache.catalina.startup.ContextConfig.getSCIsForClass(Ljava/lang/String;)Ljava/util/Set; @ 62
Event: 13.408 Thread 0x000000001e776000 Uncommon trap: reason=unstable_if action=reinterpret pc=0x0000000004fdcdc0 method=java.net.URLClassLoader.definePackageInternal(Ljava/lang/String;Ljava/util/jar/Manifest;Ljava/net/URL;)V @ 11
Event: 13.645 Thread 0x000000001e776000 Uncommon trap: reason=unstable_if action=reinterpret pc=0x000000000502de04 method=java.net.URLClassLoader.isSealed(Ljava/lang/String;Ljava/util/jar/Manifest;)Z @ 26
Event: 754.014 Thread 0x000000001c763800 Uncommon trap: reason=class_check action=maybe_recompile pc=0x0000000004fd3850 method=java.util.Hashtable.put(Ljava/lang/Object;Ljava/lang/Object;)Ljava/lang/Object; @ 60
Event: 754.014 Thread 0x000000001c763800 Uncommon trap: reason=class_check action=maybe_recompile pc=0x0000000004fd3850 method=java.util.Hashtable.put(Ljava/lang/Object;Ljava/lang/Object;)Ljava/lang/Object; @ 60
Event: 754.022 Thread 0x000000001c763800 Uncommon trap: reason=unstable_if action=reinterpret pc=0x0000000004684630 method=java.util.LinkedHashMap.afterNodeRemoval(Ljava/util/HashMap$Node;)V @ 27
Event: 754.069 Thread 0x000000001c763800 Uncommon trap: reason=unstable_if action=reinterpret pc=0x000000000511d8f0 method=org.apache.tomcat.util.bcel.classfile.JavaClass.<init>(IILjava/lang/String;IIILorg/apache/tomcat/util/bcel/classfile/ConstantPool;[I[Lorg/apache/tomcat/util/bcel/classfile/F

Classes redefined (0 events):
No events

Internal exceptions (10 events):
Event: 3.414 Thread 0x00000000029ce000 Implicit null exception at 0x000000000483dcbb to 0x000000000483e289
Event: 9.536 Thread 0x00000000029ce000 Exception <a 'java/io/FileNotFoundException'> (0x00000000d9a33370) thrown at [C:\re\workspace\8-2-build-windows-amd64-cygwin\jdk8u161\10277\hotspot\src\share\vm\prims\jni.cpp, line 709]
Event: 10.575 Thread 0x00000000029ce000 Exception <a 'java/net/BindException': Address already in use: JVM_Bind> (0x00000000d6671650) thrown at [C:\re\workspace\8-2-build-windows-amd64-cygwin\jdk8u161\10277\hotspot\src\share\vm\prims\jni.cpp, line 735]
Event: 11.330 Thread 0x000000001e776000 Implicit null exception at 0x0000000004810616 to 0x00000000048109b1
Event: 11.330 Thread 0x000000001e776000 Implicit null exception at 0x00000000046f6496 to 0x00000000046f682d
Event: 12.813 Thread 0x000000001e776000 Implicit null exception at 0x0000000004697062 to 0x000000000469762d
Event: 12.813 Thread 0x000000001e776000 Implicit null exception at 0x00000000050d01ea to 0x00000000050d0435
Event: 13.563 Thread 0x000000001e776000 Exception <a 'java/lang/NoSuchFieldError': method resolution failed> (0x00000000dd29a3d8) thrown at [C:\re\workspace\8-2-build-windows-amd64-cygwin\jdk8u161\10277\hotspot\src\share\vm\prims\methodHandles.cpp, line 1167]
Event: 13.567 Thread 0x000000001e776000 Exception <a 'java/lang/NoSuchFieldError': method resolution failed> (0x00000000dd2a7a98) thrown at [C:\re\workspace\8-2-build-windows-amd64-cygwin\jdk8u161\10277\hotspot\src\share\vm\prims\methodHandles.cpp, line 1167]
Event: 13.620 Thread 0x000000001e776000 Exception <a 'java/io/FileNotFoundException'> (0x00000000dd371908) thrown at [C:\re\workspace\8-2-build-windows-amd64-cygwin\jdk8u161\10277\hotspot\src\share\vm\prims\jni.cpp, line 709]

Events (10 events):
Event: 754.417 Executing VM operation: RevokeBias done
Event: 754.420 Executing VM operation: RevokeBias
Event: 754.420 Executing VM operation: RevokeBias done
Event: 754.434 Executing VM operation: RevokeBias
Event: 754.434 Executing VM operation: RevokeBias done
Event: 754.445 Executing VM operation: RevokeBias
Event: 754.445 Executing VM operation: RevokeBias done
Event: 754.476 Executing VM operation: BulkRevokeBias
Event: 754.476 Executing VM operation: BulkRevokeBias done
Event: 754.801 Thread 0x0000000018ffb800 flushing nmethod 0x0000000004dbb090


Dynamic libraries:
0x00007ff69bfd0000 - 0x00007ff69c007000 	C:\Program Files\Java\jre1.8.0_161\bin\javaw.exe
0x00007ffc498d0000 - 0x00007ffc49ab0000 	C:\WINDOWS\SYSTEM32\ntdll.dll
0x00007ffc47b80000 - 0x00007ffc47c2e000 	C:\WINDOWS\System32\KERNEL32.DLL
0x00007ffc45d20000 - 0x00007ffc45f86000 	C:\WINDOWS\System32\KERNELBASE.dll
0x00007ffc497f0000 - 0x00007ffc49891000 	C:\WINDOWS\System32\ADVAPI32.dll
0x00007ffc49630000 - 0x00007ffc496cd000 	C:\WINDOWS\System32\msvcrt.dll
0x00007ffc474d0000 - 0x00007ffc4752b000 	C:\WINDOWS\System32\sechost.dll
0x00007ffc496d0000 - 0x00007ffc497ef000 	C:\WINDOWS\System32\RPCRT4.dll
0x00007ffc471f0000 - 0x00007ffc4737f000 	C:\WINDOWS\System32\USER32.dll
0x00007ffc466e0000 - 0x00007ffc46700000 	C:\WINDOWS\System32\win32u.dll
0x00007ffc46dc0000 - 0x00007ffc46de8000 	C:\WINDOWS\System32\GDI32.dll
0x00007ffc46ba0000 - 0x00007ffc46d33000 	C:\WINDOWS\System32\gdi32full.dll
0x00007ffc46880000 - 0x00007ffc4691b000 	C:\WINDOWS\System32\msvcp_win.dll
0x00007ffc46780000 - 0x00007ffc46876000 	C:\WINDOWS\System32\ucrtbase.dll
0x00007ffc3b310000 - 0x00007ffc3b579000 	C:\WINDOWS\WinSxS\amd64_microsoft.windows.common-controls_6595b64144ccf1df_6.0.16299.309_none_15cfd4c4935e6b11\COMCTL32.dll
0x00007ffc47c30000 - 0x00007ffc47f38000 	C:\WINDOWS\System32\combase.dll
0x00007ffc46700000 - 0x00007ffc46772000 	C:\WINDOWS\System32\bcryptPrimitives.dll
0x00007ffc47b50000 - 0x00007ffc47b7d000 	C:\WINDOWS\System32\IMM32.DLL
0x00000000691d0000 - 0x00000000692a2000 	C:\Program Files\Java\jre1.8.0_161\bin\msvcr100.dll
0x0000000069480000 - 0x0000000069d1f000 	C:\Program Files\Java\jre1.8.0_161\bin\server\jvm.dll
0x00007ffc47980000 - 0x00007ffc47988000 	C:\WINDOWS\System32\PSAPI.DLL
0x00007ffc43a80000 - 0x00007ffc43aa3000 	C:\WINDOWS\SYSTEM32\WINMM.dll
0x00007ffc3b620000 - 0x00007ffc3b62a000 	C:\WINDOWS\SYSTEM32\VERSION.dll
0x00007ffc41e00000 - 0x00007ffc41e09000 	C:\WINDOWS\SYSTEM32\WSOCK32.dll
0x00007ffc47a30000 - 0x00007ffc47a9c000 	C:\WINDOWS\System32\WS2_32.dll
0x00007ffc43a50000 - 0x00007ffc43a7a000 	C:\WINDOWS\SYSTEM32\winmmbase.dll
0x00007ffc45cd0000 - 0x00007ffc45d1a000 	C:\WINDOWS\System32\cfgmgr32.dll
0x0000000069390000 - 0x000000006939f000 	C:\Program Files\Java\jre1.8.0_161\bin\verify.dll
0x0000000069360000 - 0x0000000069389000 	C:\Program Files\Java\jre1.8.0_161\bin\java.dll
0x0000000069340000 - 0x0000000069356000 	C:\Program Files\Java\jre1.8.0_161\bin\zip.dll
0x00007ffc47f50000 - 0x00007ffc49386000 	C:\WINDOWS\System32\SHELL32.dll
0x00007ffc47aa0000 - 0x00007ffc47b46000 	C:\WINDOWS\System32\shcore.dll
0x00007ffc45f90000 - 0x00007ffc466d7000 	C:\WINDOWS\System32\windows.storage.dll
0x00007ffc46f90000 - 0x00007ffc46fe1000 	C:\WINDOWS\System32\shlwapi.dll
0x00007ffc45c90000 - 0x00007ffc45ca1000 	C:\WINDOWS\System32\kernel.appcore.dll
0x00007ffc45c20000 - 0x00007ffc45c6c000 	C:\WINDOWS\System32\powrprof.dll
0x00007ffc45c70000 - 0x00007ffc45c8b000 	C:\WINDOWS\System32\profapi.dll
0x0000000069320000 - 0x000000006933a000 	C:\Program Files\Java\jre1.8.0_161\bin\net.dll
0x00007ffc45450000 - 0x00007ffc454b6000 	C:\WINDOWS\system32\mswsock.dll
0x0000000069300000 - 0x0000000069311000 	C:\Program Files\Java\jre1.8.0_161\bin\nio.dll
0x00007ffc45610000 - 0x00007ffc45627000 	C:\WINDOWS\SYSTEM32\CRYPTSP.dll
0x00007ffc45050000 - 0x00007ffc45083000 	C:\WINDOWS\system32\rsaenh.dll
0x00007ffc45720000 - 0x00007ffc45745000 	C:\WINDOWS\SYSTEM32\bcrypt.dll
0x00007ffc45b20000 - 0x00007ffc45b49000 	C:\WINDOWS\SYSTEM32\USERENV.dll
0x00007ffc45630000 - 0x00007ffc4563b000 	C:\WINDOWS\SYSTEM32\CRYPTBASE.dll
0x00007ffc451e0000 - 0x00007ffc45219000 	C:\WINDOWS\SYSTEM32\IPHLPAPI.DLL
0x00007ffc47f40000 - 0x00007ffc47f48000 	C:\WINDOWS\System32\NSI.dll
0x00007ffc3ea50000 - 0x00007ffc3ea66000 	C:\WINDOWS\SYSTEM32\dhcpcsvc6.DLL
0x00007ffc3eb50000 - 0x00007ffc3eb6a000 	C:\WINDOWS\SYSTEM32\dhcpcsvc.DLL
0x00000000692b0000 - 0x00000000692bd000 	C:\Program Files\Java\jre1.8.0_161\bin\management.dll

VM Arguments:
jvm_args: -Dmaven.home=EMBEDDED -Dclassworlds.conf=C:\Java\workspace3\.metadata\.plugins\org.eclipse.m2e.launching\launches\m2conf4367644752915896326.tmp -Dmaven.multiModuleProjectDirectory=C:\Java\workspace3\web-application -Dfile.encoding=Cp1251 
java_command: org.codehaus.plexus.classworlds.launcher.Launcher -B tomcat7:run
java_class_path (initial): C:\eclipse\plugins\org.eclipse.m2e.maven.runtime_1.8.3.20180227-2135\jars\plexus-classworlds-2.5.2.jar
Launcher Type: SUN_STANDARD

Environment Variables:
JAVA_HOME=C:\Program Files\Java\jdk1.8.0_161
PATH=C:/Program Files/Java/jre1.8.0_161/bin/server;C:/Program Files/Java/jre1.8.0_161/bin;C:/Program Files/Java/jre1.8.0_161/lib/amd64;C:\ProgramData\Oracle\Java\javapath;C:\WINDOWS\system32;C:\WINDOWS;C:\WINDOWS\System32\Wbem;C:\WINDOWS\System32\WindowsPowerShell\v1.0\;C:\Program Files\Java\jdk1.8.0_161\bin;C:\Java\libs\apache-maven-3.5.3\bin;C:\Program Files\Java\jdk1.8.0_161;C:\Java\libs\apache-maven-3.5.3\bin;C:\Users\Alex Sergeenko\AppData\Local\Microsoft\WindowsApps;C:\Users\Alex Sergeenko\AppData\Local\GitHubDesktop\bin;%USERPROFILE%\AppData\Local\Microsoft\WindowsApps;;C:\eclipse;
USERNAME=Alex Sergeenko
OS=Windows_NT
PROCESSOR_IDENTIFIER=Intel64 Family 6 Model 58 Stepping 9, GenuineIntel



---------------  S Y S T E M  ---------------

OS: Windows 10.0 , 64 bit Build 16299 (10.0.16299.15)

CPU:total 4 (initial active 4) (2 cores per cpu, 2 threads per core) family 6 model 58 stepping 9, cmov, cx8, fxsr, mmx, sse, sse2, sse3, ssse3, sse4.1, sse4.2, popcnt, avx, clmul, erms, ht, tsc, tscinvbit, tscinv

Memory: 4k page, physical 8273256k(2190352k free), swap 9321832k(7360k free)

vm_info: Java HotSpot(TM) 64-Bit Server VM (25.161-b12) for windows-amd64 JRE (1.8.0_161-b12), built on Dec 19 2017 17:52:25 by "java_re" with MS VC++ 10.0 (VS2010)

time: Sat Apr 07 10:54:40 2018
elapsed time: 754 seconds (0d 0h 12m 34s)

